<?xml version="1.0" encoding="UTF-8"?>
<testng-results ignored="0" total="1" passed="1" failed="0" skipped="0">
  <reporter-output>
  </reporter-output>
  <suite started-at="2020-05-12T17:10:10 IST" name="Default suite" finished-at="2020-05-12T17:10:33 IST" duration-ms="22595">
    <groups>
    </groups>
    <test started-at="2020-05-12T17:10:10 IST" name="Default test" finished-at="2020-05-12T17:10:33 IST" duration-ms="22595">
      <class name="com.sampletest.test.AppTest">
        <test-method is-config="true" signature="setup()[pri:0, instance:com.sampletest.test.AppTest@4f67eb2a]" started-at="2020-05-12T17:10:10 IST" name="setup" finished-at="2020-05-12T17:10:17 IST" duration-ms="6871" status="PASS">
          <reporter-output>
          </reporter-output>
        </test-method> <!-- setup -->
        <test-method signature="CM()[pri:0, instance:com.sampletest.test.AppTest@4f67eb2a]" started-at="2020-05-12T17:10:17 IST" name="CM" finished-at="2020-05-12T17:10:33 IST" duration-ms="15692" status="PASS">
          <reporter-output>
          </reporter-output>
        </test-method> <!-- CM -->
        <test-method is-config="true" signature="quit()[pri:0, instance:com.sampletest.test.AppTest@4f67eb2a]" started-at="2020-05-12T17:10:33 IST" name="quit" finished-at="2020-05-12T17:10:33 IST" duration-ms="1" status="PASS">
          <reporter-output>
          </reporter-output>
        </test-method> <!-- quit -->
      </class> <!-- com.sampletest.test.AppTest -->
    </test> <!-- Default test -->
  </suite> <!-- Default suite -->
</testng-results>
